[0.013s] Invoking command in '/home/admin/uws/build/my_robot_description': CMAKE_PREFIX_PATH=${CMAKE_PREFIX_PATH}:/opt/ros/jazzy DEBUGINFOD_URLS=https://debuginfod.ubuntu.com /usr/bin/cmake --build /home/admin/uws/build/my_robot_description -- -j16 -l16
[0.038s] -- Found ament_cmake: 2.5.4 (/opt/ros/jazzy/share/ament_cmake/cmake)
[0.341s] -- Configuring done (0.3s)
[0.344s] -- Generating done (0.0s)
[0.346s] -- Build files have been written to: /home/admin/uws/build/my_robot_description
[0.370s] Invoked command in '/home/admin/uws/build/my_robot_description' returned '0': CMAKE_PREFIX_PATH=${CMAKE_PREFIX_PATH}:/opt/ros/jazzy DEBUGINFOD_URLS=https://debuginfod.ubuntu.com /usr/bin/cmake --build /home/admin/uws/build/my_robot_description -- -j16 -l16
[0.380s] Invoking command in '/home/admin/uws/build/my_robot_description': CMAKE_PREFIX_PATH=${CMAKE_PREFIX_PATH}:/opt/ros/jazzy DEBUGINFOD_URLS=https://debuginfod.ubuntu.com /usr/bin/cmake --install /home/admin/uws/build/my_robot_description
[0.387s] -- Install configuration: ""
[0.387s] -- Installing: /home/admin/uws/install/my_robot_description/share/my_robot_description//urdf
[0.387s] -- Up-to-date: /home/admin/uws/install/my_robot_description/share/ament_index/resource_index/package_run_dependencies/my_robot_description
[0.387s] -- Up-to-date: /home/admin/uws/install/my_robot_description/share/ament_index/resource_index/parent_prefix_path/my_robot_description
[0.387s] -- Up-to-date: /home/admin/uws/install/my_robot_description/share/my_robot_description/environment/ament_prefix_path.sh
[0.387s] -- Up-to-date: /home/admin/uws/install/my_robot_description/share/my_robot_description/environment/ament_prefix_path.dsv
[0.387s] -- Up-to-date: /home/admin/uws/install/my_robot_description/share/my_robot_description/environment/path.sh
[0.388s] -- Up-to-date: /home/admin/uws/install/my_robot_description/share/my_robot_description/environment/path.dsv
[0.388s] -- Up-to-date: /home/admin/uws/install/my_robot_description/share/my_robot_description/local_setup.bash
[0.388s] -- Up-to-date: /home/admin/uws/install/my_robot_description/share/my_robot_description/local_setup.sh
[0.388s] -- Up-to-date: /home/admin/uws/install/my_robot_description/share/my_robot_description/local_setup.zsh
[0.388s] -- Up-to-date: /home/admin/uws/install/my_robot_description/share/my_robot_description/local_setup.dsv
[0.388s] -- Installing: /home/admin/uws/install/my_robot_description/share/my_robot_description/package.dsv
[0.388s] -- Up-to-date: /home/admin/uws/install/my_robot_description/share/ament_index/resource_index/packages/my_robot_description
[0.388s] -- Up-to-date: /home/admin/uws/install/my_robot_description/share/my_robot_description/cmake/my_robot_descriptionConfig.cmake
[0.388s] -- Up-to-date: /home/admin/uws/install/my_robot_description/share/my_robot_description/cmake/my_robot_descriptionConfig-version.cmake
[0.388s] -- Up-to-date: /home/admin/uws/install/my_robot_description/share/my_robot_description/package.xml
[0.390s] Invoked command in '/home/admin/uws/build/my_robot_description' returned '0': CMAKE_PREFIX_PATH=${CMAKE_PREFIX_PATH}:/opt/ros/jazzy DEBUGINFOD_URLS=https://debuginfod.ubuntu.com /usr/bin/cmake --install /home/admin/uws/build/my_robot_description
