[0.008s] Invoking command in '/home/admin/uws/build/my_robot_description': CMAKE_PREFIX_PATH=${CMAKE_PREFIX_PATH}:/opt/ros/jazzy DEBUGINFOD_URLS=https://debuginfod.ubuntu.com /usr/bin/cmake --build /home/admin/uws/build/my_robot_description -- -j16 -l16
[0.035s] -- Found ament_cmake: 2.5.4 (/opt/ros/jazzy/share/ament_cmake/cmake)
[0.262s] -- Configuring done (0.2s)
[0.266s] -- Generating done (0.0s)
[0.267s] -- Build files have been written to: /home/admin/uws/build/my_robot_description
[0.283s] Invoked command in '/home/admin/uws/build/my_robot_description' returned '0': CMAKE_PREFIX_PATH=${CMAKE_PREFIX_PATH}:/opt/ros/jazzy DEBUGINFOD_URLS=https://debuginfod.ubuntu.com /usr/bin/cmake --build /home/admin/uws/build/my_robot_description -- -j16 -l16
[0.290s] Invoking command in '/home/admin/uws/build/my_robot_description': CMAKE_PREFIX_PATH=${CMAKE_PREFIX_PATH}:/opt/ros/jazzy DEBUGINFOD_URLS=https://debuginfod.ubuntu.com /usr/bin/cmake --install /home/admin/uws/build/my_robot_description
[0.295s] -- Install configuration: ""
[0.295s] -- Up-to-date: /home/admin/uws/install/my_robot_description/share/my_robot_description//urdf
[0.295s] -- Up-to-date: /home/admin/uws/install/my_robot_description/share/my_robot_description//urdf/my_robot.urdf
[0.296s] -- Installing: /home/admin/uws/install/my_robot_description/share/my_robot_description//launch
[0.296s] -- Installing: /home/admin/uws/install/my_robot_description/share/my_robot_description//launch/display.launch.xml
[0.296s] -- Up-to-date: /home/admin/uws/install/my_robot_description/share/ament_index/resource_index/package_run_dependencies/my_robot_description
[0.296s] -- Up-to-date: /home/admin/uws/install/my_robot_description/share/ament_index/resource_index/parent_prefix_path/my_robot_description
[0.296s] -- Up-to-date: /home/admin/uws/install/my_robot_description/share/my_robot_description/environment/ament_prefix_path.sh
[0.296s] -- Up-to-date: /home/admin/uws/install/my_robot_description/share/my_robot_description/environment/ament_prefix_path.dsv
[0.296s] -- Up-to-date: /home/admin/uws/install/my_robot_description/share/my_robot_description/environment/path.sh
[0.296s] -- Up-to-date: /home/admin/uws/install/my_robot_description/share/my_robot_description/environment/path.dsv
[0.296s] -- Up-to-date: /home/admin/uws/install/my_robot_description/share/my_robot_description/local_setup.bash
[0.296s] -- Up-to-date: /home/admin/uws/install/my_robot_description/share/my_robot_description/local_setup.sh
[0.296s] -- Up-to-date: /home/admin/uws/install/my_robot_description/share/my_robot_description/local_setup.zsh
[0.296s] -- Up-to-date: /home/admin/uws/install/my_robot_description/share/my_robot_description/local_setup.dsv
[0.296s] -- Installing: /home/admin/uws/install/my_robot_description/share/my_robot_description/package.dsv
[0.296s] -- Up-to-date: /home/admin/uws/install/my_robot_description/share/ament_index/resource_index/packages/my_robot_description
[0.296s] -- Up-to-date: /home/admin/uws/install/my_robot_description/share/my_robot_description/cmake/my_robot_descriptionConfig.cmake
[0.296s] -- Up-to-date: /home/admin/uws/install/my_robot_description/share/my_robot_description/cmake/my_robot_descriptionConfig-version.cmake
[0.296s] -- Up-to-date: /home/admin/uws/install/my_robot_description/share/my_robot_description/package.xml
[0.297s] Invoked command in '/home/admin/uws/build/my_robot_description' returned '0': CMAKE_PREFIX_PATH=${CMAKE_PREFIX_PATH}:/opt/ros/jazzy DEBUGINFOD_URLS=https://debuginfod.ubuntu.com /usr/bin/cmake --install /home/admin/uws/build/my_robot_description
