[0.010s] Invoking command in '/home/admin/uws/build/my_robot_description': CMAKE_PREFIX_PATH=${CMAKE_PREFIX_PATH}:/opt/ros/jazzy DEBUGINFOD_URLS=https://debuginfod.ubuntu.com /usr/bin/cmake /home/admin/uws/src/my_robot_description -DCMAKE_INSTALL_PREFIX=/home/admin/uws/install/my_robot_description
[0.087s] -- The C compiler identification is GNU 13.3.0
[0.152s] -- The CXX compiler identification is GNU 13.3.0
[0.167s] -- Detecting C compiler ABI info
[0.230s] -- Detecting C compiler ABI info - done
[0.236s] -- Check for working C compiler: /usr/bin/cc - skipped
[0.236s] -- Detecting C compile features
[0.236s] -- Detecting C compile features - done
[0.243s] -- Detecting CXX compiler ABI info
[0.306s] -- Detecting CXX compiler ABI info - done
[0.312s] -- Check for working CXX compiler: /usr/bin/c++ - skipped
[0.312s] -- Detecting CXX compile features
[0.312s] -- Detecting CXX compile features - done
[0.317s] -- Found ament_cmake: 2.5.4 (/opt/ros/jazzy/share/ament_cmake/cmake)
[0.418s] -- Found Python3: /usr/bin/python3 (found version "3.12.3") found components: Interpreter 
[0.505s] -- Found ament_lint_auto: 0.17.3 (/opt/ros/jazzy/share/ament_lint_auto/cmake)
[0.580s] -- Added test 'lint_cmake' to check CMake code style
[0.581s] -- Added test 'xmllint' to check XML markup files
[0.583s] -- Configuring done (0.6s)
[0.584s] -- Generating done (0.0s)
[0.585s] -- Build files have been written to: /home/admin/uws/build/my_robot_description
[0.590s] Invoked command in '/home/admin/uws/build/my_robot_description' returned '0': CMAKE_PREFIX_PATH=${CMAKE_PREFIX_PATH}:/opt/ros/jazzy DEBUGINFOD_URLS=https://debuginfod.ubuntu.com /usr/bin/cmake /home/admin/uws/src/my_robot_description -DCMAKE_INSTALL_PREFIX=/home/admin/uws/install/my_robot_description
[0.590s] Invoking command in '/home/admin/uws/build/my_robot_description': CMAKE_PREFIX_PATH=${CMAKE_PREFIX_PATH}:/opt/ros/jazzy DEBUGINFOD_URLS=https://debuginfod.ubuntu.com /usr/bin/cmake --build /home/admin/uws/build/my_robot_description -- -j16 -l16
[0.618s] Invoked command in '/home/admin/uws/build/my_robot_description' returned '0': CMAKE_PREFIX_PATH=${CMAKE_PREFIX_PATH}:/opt/ros/jazzy DEBUGINFOD_URLS=https://debuginfod.ubuntu.com /usr/bin/cmake --build /home/admin/uws/build/my_robot_description -- -j16 -l16
[0.623s] Invoking command in '/home/admin/uws/build/my_robot_description': CMAKE_PREFIX_PATH=${CMAKE_PREFIX_PATH}:/opt/ros/jazzy DEBUGINFOD_URLS=https://debuginfod.ubuntu.com /usr/bin/cmake --install /home/admin/uws/build/my_robot_description
[0.628s] -- Install configuration: ""
[0.628s] -- Installing: /home/admin/uws/install/my_robot_description/share/ament_index/resource_index/package_run_dependencies/my_robot_description
[0.628s] -- Installing: /home/admin/uws/install/my_robot_description/share/ament_index/resource_index/parent_prefix_path/my_robot_description
[0.628s] -- Installing: /home/admin/uws/install/my_robot_description/share/my_robot_description/environment/ament_prefix_path.sh
[0.628s] -- Installing: /home/admin/uws/install/my_robot_description/share/my_robot_description/environment/ament_prefix_path.dsv
[0.628s] -- Installing: /home/admin/uws/install/my_robot_description/share/my_robot_description/environment/path.sh
[0.628s] -- Installing: /home/admin/uws/install/my_robot_description/share/my_robot_description/environment/path.dsv
[0.628s] -- Installing: /home/admin/uws/install/my_robot_description/share/my_robot_description/local_setup.bash
[0.628s] -- Installing: /home/admin/uws/install/my_robot_description/share/my_robot_description/local_setup.sh
[0.628s] -- Installing: /home/admin/uws/install/my_robot_description/share/my_robot_description/local_setup.zsh
[0.628s] -- Installing: /home/admin/uws/install/my_robot_description/share/my_robot_description/local_setup.dsv
[0.629s] -- Installing: /home/admin/uws/install/my_robot_description/share/my_robot_description/package.dsv
[0.629s] -- Installing: /home/admin/uws/install/my_robot_description/share/ament_index/resource_index/packages/my_robot_description
[0.629s] -- Installing: /home/admin/uws/install/my_robot_description/share/my_robot_description/cmake/my_robot_descriptionConfig.cmake
[0.629s] -- Installing: /home/admin/uws/install/my_robot_description/share/my_robot_description/cmake/my_robot_descriptionConfig-version.cmake
[0.629s] -- Installing: /home/admin/uws/install/my_robot_description/share/my_robot_description/package.xml
[0.630s] Invoked command in '/home/admin/uws/build/my_robot_description' returned '0': CMAKE_PREFIX_PATH=${CMAKE_PREFIX_PATH}:/opt/ros/jazzy DEBUGINFOD_URLS=https://debuginfod.ubuntu.com /usr/bin/cmake --install /home/admin/uws/build/my_robot_description
